Arguments: 
  D:\D\nodejs\node.exe C:\Users\Elwin\AppData\Roaming\npm\node_modules\yarn\bin\yarn.js add puppeteer PUPPETEER_SKIP_CHROMIUM_DOWNLOA

PATH: 
  C:\Program Files (x86)\Common Files\Oracle\Java\javapath;C:\Program Files (x86)\Intel\iCLS Client\;C:\Program Files\Intel\iCLS Client\;C:\WINDOWS\system32;C:\WINDOWS;C:\WINDOWS\System32\Wbem;C:\WINDOWS\System32\WindowsPowerShell\v1.0\;C:\Program Files (x86)\Intel\Intel(R) Management Engine Components\DAL;C:\Program Files\Intel\Intel(R) Management Engine Components\DAL;C:\Program Files (x86)\Intel\Intel(R) Management Engine Components\IPT;C:\Program Files\Intel\Intel(R) Management Engine Components\IPT;C:\Program Files\Intel\WiFi\bin\;C:\Program Files\Common Files\Intel\WirelessCommon\;C:\WINDOWS\System32\OpenSSH\;d:\d\Git\cmd;D:\D\nodejs\;C:\Program Files\MySQL\MySQL Server 8.0\bin;D:\D\Python\Python37\Scripts\;D:\D\Python\Python37\;C:\Users\Elwin\AppData\Local\Microsoft\WindowsApps;C:\Users\Elwin\AppData\Roaming\npm;C:\Program Files\MySQL\MySQL Server 8.0\bin;D:\D\Anaconda2\Scripts;;D:\D\Microsoft VS Code\bin

Yarn version: 
  1.12.3

Node version: 
  10.14.1

Platform: 
  win32 x64

Trace: 
  Error: https://registry.yarnpkg.com/PUPPETEER_SKIP_CHROMIUM_DOWNLOA: Not found
      at Request.params.callback [as _callback] (C:\Users\Elwin\AppData\Roaming\npm\node_modules\yarn\lib\cli.js:65894:18)
      at Request.self.callback (C:\Users\Elwin\AppData\Roaming\npm\node_modules\yarn\lib\cli.js:129018:22)
      at Request.emit (events.js:182:13)
      at Request.<anonymous> (C:\Users\Elwin\AppData\Roaming\npm\node_modules\yarn\lib\cli.js:129990:10)
      at Request.emit (events.js:182:13)
      at IncomingMessage.<anonymous> (C:\Users\Elwin\AppData\Roaming\npm\node_modules\yarn\lib\cli.js:129912:12)
      at Object.onceWrapper (events.js:273:13)
      at IncomingMessage.emit (events.js:187:15)
      at endReadableNT (_stream_readable.js:1094:12)
      at process._tickCallback (internal/process/next_tick.js:63:19)

npm manifest: 
  {
    "name": "jobs-crawler",
    "version": "1.0.0",
    "description": "",
    "main": "index.js",
    "scripts": {
      "test": "echo \"Error: no test specified\" && exit 1"
    },
    "author": "elwin",
    "license": "ISC"
  }

yarn manifest: 
  No manifest

Lockfile: 
  No lockfile
